<?xml version="1.0" encoding="UTF-8"?>
<TestRun id="9cac2507-9e9c-4284-b44e-4473a00c2685" name="Formic@FORMIC-LAPPYTOP 2011-07-02 19:47:13" runUser="Formic-LappyTop\Formic" xmlns="http://microsoft.com/schemas/VisualStudio/TeamTest/2010">
  <TestSettings name="Local" id="43439a20-cdf6-451e-a056-371414001b66">
    <Description>These are default test settings for a local test run.</Description>
    <Deployment enabled="false" runDeploymentRoot="Formic_FORMIC-LAPPYTOP 2011-07-02 19_47_13">
      <DeploymentItem filename="C:\Users\Formic\Documents\Visual Studio 2010\Projects\MobileRPGServer\MobileRPGServer\bin\Debug\MobileRPGServer.exe" />
    </Deployment>
    <Execution>
      <TestTypeSpecific />
      <AgentRule name="Execution Agents">
      </AgentRule>
    </Execution>
  </TestSettings>
  <Times creation="2011-07-02T19:47:13.9666662-06:00" queuing="2011-07-02T19:47:15.3417449-06:00" start="2011-07-02T19:47:15.5507568-06:00" finish="2011-07-02T19:47:33.6587926-06:00" />
  <ResultSummary outcome="Error">
    <Counters total="1" executed="1" error="0" failed="0" timeout="0" aborted="1" inconclusive="0" passedButRunAborted="0" notRunnable="0" notExecuted="0" disconnected="0" warning="0" passed="0" completed="0" inProgress="0" pending="0" />
    <RunInfos>
      <RunInfo computerName="FORMIC-LAPPYTOP" outcome="Error" timestamp="2011-07-02T19:47:33.6557924-06:00">
        <Text>Test host process exited unexpectedly.</Text>
      </RunInfo>
    </RunInfos>
  </ResultSummary>
  <TestDefinitions>
    <UnitTest name="RunTest" storage="c:\users\formic\documents\visual studio 2010\projects\mobilerpgserver\mobilerpgservertest\bin\debug\mobilerpgservertest.dll" id="df9defcd-e7de-4d5d-7368-afaf5dbb5f85">
      <Execution id="b80c2571-4396-4540-bd55-ecef24287149" />
      <TestMethod codeBase="C:/Users/Formic/Documents/Visual Studio 2010/Projects/MobileRPGServer/MobileRPGServerTest/bin/Debug/MobileRPGServerTest.DLL" adapterTypeName="Microsoft.VisualStudio.TestTools.TestTypes.Unit.UnitTestAdapter, Microsoft.VisualStudio.QualityTools.Tips.UnitTest.Adapter, Version=10.0.0.0, Culture=neutral, PublicKeyToken=b03f5f7f11d50a3a" className="MobileRPGServerTest.ServerTest, MobileRPGServerTest, Version=1.0.0.0, Culture=neutral, PublicKeyToken=null" name="RunTest" />
    </UnitTest>
  </TestDefinitions>
  <TestLists>
    <TestList name="Results Not in a List" id="8c84fa94-04c1-424b-9868-57a2d4851a1d" />
    <TestList name="All Loaded Results" id="19431567-8539-422a-85d7-44ee4e166bda" />
  </TestLists>
  <TestEntries>
    <TestEntry testId="df9defcd-e7de-4d5d-7368-afaf5dbb5f85" executionId="b80c2571-4396-4540-bd55-ecef24287149" testListId="8c84fa94-04c1-424b-9868-57a2d4851a1d" />
  </TestEntries>
  <Results>
    <UnitTestResult executionId="b80c2571-4396-4540-bd55-ecef24287149" testId="df9defcd-e7de-4d5d-7368-afaf5dbb5f85" testName="RunTest" computerName="FORMIC-LAPPYTOP" duration="00:00:17.9330257" startTime="2011-07-02T19:47:15.7257669-06:00" endTime="2011-07-02T19:47:33.6587926-06:00" testType="13cdc9d9-ddb5-4fa4-a97d-d965ccfc6d4b" outcome="Aborted" testListId="8c84fa94-04c1-424b-9868-57a2d4851a1d" relativeResultsDirectory="b80c2571-4396-4540-bd55-ecef24287149">
    </UnitTestResult>
  </Results>
</TestRun>