<?xml version="1.0" encoding="UTF-8"?>
<TestRun id="5cef3b4a-420c-4db8-b47a-616624fd2905" name="Formic@FORMIC-LAPPYTOP 2011-07-02 19:26:26" runUser="Formic-LappyTop\Formic" xmlns="http://microsoft.com/schemas/VisualStudio/TeamTest/2010">
  <TestSettings name="Local" id="43439a20-cdf6-451e-a056-371414001b66">
    <Description>These are default test settings for a local test run.</Description>
    <Deployment enabled="false" runDeploymentRoot="Formic_FORMIC-LAPPYTOP 2011-07-02 19_26_26" />
    <Execution>
      <TestTypeSpecific />
      <AgentRule name="Execution Agents">
      </AgentRule>
    </Execution>
  </TestSettings>
  <Times creation="2011-07-02T19:26:26.9773425-06:00" queuing="2011-07-02T19:26:28.6894405-06:00" start="2011-07-02T19:26:28.7564443-06:00" finish="2011-07-02T19:26:30.2885319-06:00" />
  <ResultSummary outcome="Completed">
    <Counters total="1" executed="1" passed="1" error="0" failed="0" timeout="0" aborted="0" inconclusive="0" passedButRunAborted="0" notRunnable="0" notExecuted="0" disconnected="0" warning="0" completed="0" inProgress="0" pending="0" />
  </ResultSummary>
  <TestDefinitions>
    <UnitTest name="MultiUserMoveTest" storage="c:\users\formic\documents\visual studio 2010\projects\mobilerpgserver\mobilerpgservertest\bin\debug\mobilerpgservertest.dll" id="6c757bea-d7ad-4314-9831-72ebccf64b53">
      <Execution id="7dc166dc-3680-44ae-9745-cc19767a8d3f" />
      <TestMethod codeBase="C:/Users/Formic/Documents/Visual Studio 2010/Projects/MobileRPGServer/MobileRPGServerTest/bin/Debug/MobileRPGServerTest.DLL" adapterTypeName="Microsoft.VisualStudio.TestTools.TestTypes.Unit.UnitTestAdapter, Microsoft.VisualStudio.QualityTools.Tips.UnitTest.Adapter, Version=10.0.0.0, Culture=neutral, PublicKeyToken=b03f5f7f11d50a3a" className="MobileRPGServerTest.MobileRPGServerTest, MobileRPGServerTest, Version=1.0.0.0, Culture=neutral, PublicKeyToken=null" name="MultiUserMoveTest" />
    </UnitTest>
  </TestDefinitions>
  <TestLists>
    <TestList name="Results Not in a List" id="8c84fa94-04c1-424b-9868-57a2d4851a1d" />
    <TestList name="All Loaded Results" id="19431567-8539-422a-85d7-44ee4e166bda" />
  </TestLists>
  <TestEntries>
    <TestEntry testId="6c757bea-d7ad-4314-9831-72ebccf64b53" executionId="7dc166dc-3680-44ae-9745-cc19767a8d3f" testListId="8c84fa94-04c1-424b-9868-57a2d4851a1d" />
  </TestEntries>
  <Results>
    <UnitTestResult executionId="7dc166dc-3680-44ae-9745-cc19767a8d3f" testId="6c757bea-d7ad-4314-9831-72ebccf64b53" testName="MultiUserMoveTest" computerName="FORMIC-LAPPYTOP" duration="00:00:00.3603344" startTime="2011-07-02T19:26:28.8544499-06:00" endTime="2011-07-02T19:26:30.0355174-06:00" testType="13cdc9d9-ddb5-4fa4-a97d-d965ccfc6d4b" outcome="Passed" testListId="8c84fa94-04c1-424b-9868-57a2d4851a1d" relativeResultsDirectory="7dc166dc-3680-44ae-9745-cc19767a8d3f">
    </UnitTestResult>
  </Results>
</TestRun>